<?xml version="1.0" encoding="UTF-8"?>
<testsuite name="com.example.suraksha.ExampleUnitTest" tests="1" skipped="0" failures="0" errors="0" timestamp="2025-08-19T18:31:07.466Z" hostname="NIKHIL" time="0.005">
  <properties/>
  <testcase name="addition_isCorrect" classname="com.example.suraksha.ExampleUnitTest" time="0.005"/>
  <system-out><![CDATA[]]></system-out>
  <system-err><![CDATA[]]></system-err>
</testsuite>
